Log file open, 09/24/18 13:45:52
LogWindows: Failed to load 'aqProf.dll' (GetLastError=126)
LogWindows: File 'aqProf.dll' does not exist
LogWindows: Failed to load 'VSPerf140.dll' (GetLastError=126)
LogWindows: File 'VSPerf140.dll' does not exist
LogWindows: Failed to load 'VtuneApi.dll' (GetLastError=126)
LogWindows: File 'VtuneApi.dll' does not exist
LogWindows: Failed to load 'VtuneApi32e.dll' (GetLastError=126)
LogWindows: File 'VtuneApi32e.dll' does not exist
LogInit: Display: Running engine for game: CaptFunctionalUnreal
LogPlatformFile: Not using cached read wrapper
LogTaskGraph: Started task graph with 5 named threads and 11 total threads with 3 sets of task threads.
LogStats: Stats thread started at 0.256875
LogD3D11RHI: Loaded GFSDK_Aftermath_Lib.x64.dll
LogICUInternationalization: Display: ICU TimeZone Detection - Raw Offset: +1:00, Platform Override: ''
LogPluginManager: Mounting plugin Paper2D
LogPluginManager: Mounting plugin AISupport
LogPluginManager: Mounting plugin LightPropagationVolume
LogPluginManager: Mounting plugin CLionSourceCodeAccess
LogPluginManager: Mounting plugin CodeLiteSourceCodeAccess
LogPluginManager: Mounting plugin GitSourceControl
LogPluginManager: Mounting plugin KDevelopSourceCodeAccess
LogPluginManager: Mounting plugin NullSourceCodeAccess
LogPluginManager: Mounting plugin PerforceSourceControl
LogPluginManager: Mounting plugin SubversionSourceControl
LogPluginManager: Mounting plugin UObjectPlugin
LogPluginManager: Mounting plugin VisualStudioCodeSourceCodeAccess
LogPluginManager: Mounting plugin VisualStudioSourceCodeAccess
LogPluginManager: Mounting plugin XCodeSourceCodeAccess
LogPluginManager: Mounting plugin AssetManagerEditor
LogPluginManager: Mounting plugin CryptoKeys
LogPluginManager: Mounting plugin DataValidation
LogPluginManager: Mounting plugin FacialAnimation
LogPluginManager: Mounting plugin GameplayTagsEditor
LogPluginManager: Mounting plugin MacGraphicsSwitching
LogPluginManager: Mounting plugin MeshEditor
LogPluginManager: Mounting plugin MobileLauncherProfileWizard
LogPluginManager: Mounting plugin PluginBrowser
LogPluginManager: Mounting plugin SpeedTreeImporter
LogPluginManager: Mounting plugin DatasmithContent
LogPluginManager: Mounting plugin AlembicImporter
LogPluginManager: Mounting plugin AppleImageUtils
LogPluginManager: Mounting plugin AppleVision
LogPluginManager: Mounting plugin BackChannel
LogPluginManager: Mounting plugin CharacterAI
LogPluginManager: Mounting plugin GeometryCache
LogPluginManager: Mounting plugin HTML5Networking
LogPluginManager: Mounting plugin ProxyLODPlugin
LogPluginManager: Mounting plugin MagicLeap
LogPluginManager: Mounting plugin MagicLeapEmulator
LogPluginManager: Mounting plugin MagicLeapMedia
LogPluginManager: Mounting plugin AndroidMedia
LogPluginManager: Mounting plugin AvfMedia
LogPluginManager: Mounting plugin ImgMedia
LogPluginManager: Mounting plugin LinearTimecode
LogPluginManager: Mounting plugin MediaCompositing
LogPluginManager: Mounting plugin MediaPlayerEditor
LogPluginManager: Mounting plugin WmfMedia
LogPluginManager: Mounting plugin TcpMessaging
LogPluginManager: Mounting plugin UdpMessaging
LogPluginManager: Mounting plugin ActorSequence
LogPluginManager: Mounting plugin LevelSequenceEditor
LogPluginManager: Mounting plugin MatineeToLevelSequence
LogPluginManager: Mounting plugin NetcodeUnitTest
LogPluginManager: Mounting plugin NUTUnrealEngine4
LogPluginManager: Mounting plugin OnlineSubsystemGooglePlay
LogPluginManager: Mounting plugin OnlineSubsystemIOS
LogPluginManager: Mounting plugin OnlineSubsystem
LogPluginManager: Mounting plugin OnlineSubsystemNull
LogPluginManager: Mounting plugin OnlineSubsystemUtils
LogPluginManager: Mounting plugin LauncherChunkInstaller
LogPluginManager: Mounting plugin AndroidDeviceProfileSelector
LogPluginManager: Mounting plugin AndroidMoviePlayer
LogPluginManager: Mounting plugin AndroidPermission
LogPluginManager: Mounting plugin AppleMoviePlayer
LogPluginManager: Mounting plugin ArchVisCharacter
LogPluginManager: Mounting plugin AudioCapture
LogPluginManager: Mounting plugin CableComponent
LogPluginManager: Mounting plugin CustomMeshComponent
LogPluginManager: Mounting plugin EditableMesh
LogPluginManager: Mounting plugin ExampleDeviceProfileSelector
LogPluginManager: Mounting plugin GoogleCloudMessaging
LogPluginManager: Mounting plugin ImmediatePhysics
LogPluginManager: Mounting plugin IOSDeviceProfileSelector
LogPluginManager: Mounting plugin LinuxDeviceProfileSelector
LogPluginManager: Mounting plugin LocationServicesBPLibrary
LogPluginManager: Mounting plugin MobilePatchingUtils
LogPluginManager: Mounting plugin OculusVR
LogPluginManager: Plugin shader directory ../../../Engine/Plugins/Runtime/Oculus/OculusVR/Shaders found
LogPluginManager: Mapping shader source directory ../../../Engine/Plugins/Runtime/Oculus/OculusVR/Shaders to virtual directory /Plugin/OculusVR
LogPluginManager: Mounting plugin PhysXVehicles
LogPluginManager: Mounting plugin ProceduralMeshComponent
LogPluginManager: Mounting plugin RuntimePhysXCooking
LogPluginManager: Mounting plugin SteamVR
LogPluginManager: Mounting plugin WindowsMoviePlayer
LogStreaming: Display: Took  0.135s to configure plugins.
LogInit: Using libcurl 7.55.1-DEV
LogInit:  - built for x86_64-pc-win32
LogInit:  - supports SSL with OpenSSL/1.0.2h
LogInit:  - supports HTTP deflate (compression) using libz 1.2.8
LogInit:  - other features:
LogInit:      CURL_VERSION_SSL
LogInit:      CURL_VERSION_LIBZ
LogInit:      CURL_VERSION_IPV6
LogInit:      CURL_VERSION_ASYNCHDNS
LogInit:      CURL_VERSION_LARGEFILE
LogInit:      CURL_VERSION_IDN
LogInit:  CurlRequestOptions (configurable via config and command line):
LogInit:  - bVerifyPeer = false  - Libcurl will NOT verify peer certificate
LogInit:  - bUseHttpProxy = false  - Libcurl will NOT use HTTP proxy
LogInit:  - bDontReuseConnections = false  - Libcurl will reuse connections
LogInit:  - CertBundlePath = nullptr  - Libcurl will use whatever was configured at build time.
LogInit:  - MaxHostConnections = 16  - Libcurl will limit the number of connections to a host
LogInit:  - LocalHostAddr = Default
LogInit:  - BufferSize = 65536
LogInit: WinSock: version 1.1 (2.2), MaxSocks=32767, MaxUdp=65467
LogInit: Build: ++UE4+Release-4.20-CL-4302132
LogInit: Engine Version: 4.20.2-4302132+++UE4+Release-4.20
LogInit: Compatible Engine Version: 4.20.0-4212847+++UE4+Release-4.20
LogInit: Net CL: 4212847
LogInit: OS: Windows 10 (), CPU: Intel(R) Core(TM) i7-7500U CPU @ 2.70GHz, GPU: Intel(R) HD Graphics 620
LogInit: Compiled (64-bit): Aug 21 2018 02:06:06
LogInit: Compiled with Visual C++: 19.13.26129.00
LogInit: Build Configuration: Development
LogInit: Branch Name: ++UE4+Release-4.20
LogInit: Command Line:  -skipcompile
LogInit: Base Directory: C:/Program Files/Epic Games/UE_4.20/Engine/Binaries/Win64/
LogInit: Installed Engine Build: 1
LogDevObjectVersion: Number of dev versions registered: 20
LogDevObjectVersion:   Dev-Blueprints (B0D832E4-1F89-4F0D-ACCF-7EB736FD4AA2): 10
LogDevObjectVersion:   Dev-Build (E1C64328-A22C-4D53-A36C-8E866417BD8C): 0
LogDevObjectVersion:   Dev-Core (375EC13C-06E4-48FB-B500-84F0262A717E): 2
LogDevObjectVersion:   Dev-Editor (E4B068ED-F494-42E9-A231-DA0B2E46BB41): 24
LogDevObjectVersion:   Dev-Framework (CFFC743F-43B0-4480-9391-14DF171D2073): 34
LogDevObjectVersion:   Dev-Mobile (B02B49B5-BB20-44E9-A304-32B752E40360): 2
LogDevObjectVersion:   Dev-Networking (A4E4105C-59A1-49B5-A7C5-40C4547EDFEE): 0
LogDevObjectVersion:   Dev-Online (39C831C9-5AE6-47DC-9A44-9C173E1C8E7C): 0
LogDevObjectVersion:   Dev-Physics (78F01B33-EBEA-4F98-B9B4-84EACCB95AA2): 0
LogDevObjectVersion:   Dev-Platform (6631380F-2D4D-43E0-8009-CF276956A95A): 0
LogDevObjectVersion:   Dev-Rendering (12F88B9F-8875-4AFC-A67C-D90C383ABD29): 26
LogDevObjectVersion:   Dev-Sequencer (7B5AE74C-D270-4C10-A958-57980B212A5A): 9
LogDevObjectVersion:   Dev-VR (D7296918-1DD6-4BDD-9DE2-64A83CC13884): 2
LogDevObjectVersion:   Dev-LoadTimes (C2A15278-BFE7-4AFE-6C17-90FF531DF755): 1
LogDevObjectVersion:   Private-Geometry (6EACA3D4-40EC-4CC1-B786-8BED09428FC5): 3
LogDevObjectVersion:   Dev-AnimPhys (29E575DD-E0A3-4627-9D10-D276232CDCEA): 17
LogDevObjectVersion:   Dev-ReflectionCapture (6B266CEC-1EC7-4B8F-A30B-E4D90942FC07): 1
LogDevObjectVersion:   Dev-Automation (0DF73D61-A23F-47EA-B727-89E90C41499A): 1
LogDevObjectVersion:   FortniteMain (601D1886-AC64-4F84-AA16-D3DE0DEAC7D6): 12
LogDevObjectVersion:   Dev-Enterprise (9DFFBCD6-494F-0158-E221-12823C92A888): 1
LogStreaming: Display: Took  0.000s to delete old logs.
LogInit: Presizing for max 8388607 objects, including 0 objects not considered by GC, pre-allocating 0 bytes for permanent pool.
LogInit: Object subsystem initialized
[2018.09.24-11.45.52:774][  0]LogInit: Selected Device Profile: [Windows]
[2018.09.24-11.45.52:774][  0]LogInit: Applying CVar settings loaded from the selected device profile: [Windows]
[2018.09.24-11.45.52:793][  0]LogHAL: Display: Platform has ~ 16 GB [17059516416 / 17179869184 / 16], which maps to Larger [LargestMinGB=32, LargerMinGB=12, DefaultMinGB=8, SmallerMinGB=6, SmallestMinGB=0)
[2018.09.24-11.45.52:793][  0]LogInit: Setting Device Profile CVar: [[r.Vulkan.UseRealUBs:1]]
[2018.09.24-11.45.52:794][  0]LogInit: Going up to parent DeviceProfile []
[2018.09.24-11.45.52:794][  0]LogInit: Computer: DESKTOP-TGENN00
[2018.09.24-11.45.52:794][  0]LogInit: User: FrederikPalmelund
[2018.09.24-11.45.52:794][  0]LogInit: CPU Page size=4096, Cores=2
[2018.09.24-11.45.52:794][  0]LogInit: High frequency timer resolution =2.835937 MHz
[2018.09.24-11.45.52:796][  0]LogMemory: Memory total: Physical=15.9GB (16GB approx)
[2018.09.24-11.45.52:796][  0]LogMemory: Platform Memory Stats for Windows
[2018.09.24-11.45.52:796][  0]LogMemory: Process Physical Memory: 99.88 MB used, 99.88 MB peak
[2018.09.24-11.45.52:796][  0]LogMemory: Process Virtual Memory: 82.37 MB used, 82.37 MB peak
[2018.09.24-11.45.52:796][  0]LogMemory: Physical Memory: 6105.08 MB used,  10164.14 MB free, 16269.22 MB total
[2018.09.24-11.45.52:797][  0]LogMemory: Virtual Memory: 4614.79 MB used,  10164.14 MB free, 134217728.00 MB total
[2018.09.24-11.45.52:936][  0]LogInit: Using OS detected language (en-GB).
[2018.09.24-11.45.52:937][  0]LogInit: Using OS detected locale (en-DK).
[2018.09.24-11.45.52:938][  0]LogTextLocalizationManager: No specific localization for 'en-GB' exists, so the 'en' localization will be used.
[2018.09.24-11.45.53:327][  0]LogStreaming: Display: Took  0.390s to InitEngineTextLocalization.
[2018.09.24-11.45.53:327][  0]LogInit: Setting process to per monitor DPI aware
[2018.09.24-11.45.53:410][  0]LogSlate: New Slate User Created.  User Index 0, Is Virtual User: 0
[2018.09.24-11.45.53:410][  0]LogSlate: Slate User Registered.  User Index 0, Is Virtual User: 0
[2018.09.24-11.45.53:646][  0]LogHMD: Failed to initialize OpenVR with code 110
[2018.09.24-11.45.53:646][  0]LogD3D11RHI: D3D11 adapters:
[2018.09.24-11.45.53:727][  0]LogD3D11RHI:    0. 'NVIDIA GeForce 940MX' (Feature Level 11_0)
[2018.09.24-11.45.53:727][  0]LogD3D11RHI:       4055/0/8134 MB DedicatedVideo/DedicatedSystem/SharedSystem, Outputs:2, VendorId:0x10de
[2018.09.24-11.45.53:756][  0]LogD3D11RHI:    1. 'Intel(R) HD Graphics 620' (Feature Level 11_0)
[2018.09.24-11.45.53:756][  0]LogD3D11RHI:       128/0/8134 MB DedicatedVideo/DedicatedSystem/SharedSystem, Outputs:0, VendorId:0x8086
[2018.09.24-11.45.53:766][  0]LogD3D11RHI:    2. 'Microsoft Basic Render Driver' (Feature Level 11_0)
[2018.09.24-11.45.53:766][  0]LogD3D11RHI:       0/0/8134 MB DedicatedVideo/DedicatedSystem/SharedSystem, Outputs:0, VendorId:0x1414
[2018.09.24-11.45.53:766][  0]LogD3D11RHI: Chosen D3D11 Adapter: 0
[2018.09.24-11.45.53:784][  0]LogD3D11RHI: Creating new Direct3DDevice
[2018.09.24-11.45.53:784][  0]LogD3D11RHI:     GPU DeviceId: 0x134d (for the marketing name, search the web for "GPU Device Id")
[2018.09.24-11.45.53:784][  0]LogWindows: EnumDisplayDevices:
[2018.09.24-11.45.53:785][  0]LogWindows:    0. 'Intel(R) HD Graphics 620' (P:1 D:1)
[2018.09.24-11.45.53:785][  0]LogWindows:    1. 'Intel(R) HD Graphics 620' (P:0 D:1)
[2018.09.24-11.45.53:785][  0]LogWindows:    2. 'Intel(R) HD Graphics 620' (P:0 D:0)
[2018.09.24-11.45.53:785][  0]LogWindows: DebugString: PrimaryIsNotTheChoosenAdapter PrimaryIsNotTheChoosenAdapter PrimaryIsNotTheChoosenAdapter FoundDriverCount:0 
[2018.09.24-11.45.53:786][  0]LogD3D11RHI:     Adapter Name: NVIDIA GeForce 940MX
[2018.09.24-11.45.53:786][  0]LogD3D11RHI:   Driver Version: Unknown (internal:Unknown, unified:Unknown)
[2018.09.24-11.45.53:786][  0]LogD3D11RHI:      Driver Date: Unknown
[2018.09.24-11.45.53:786][  0]LogRHI: Texture pool is 2839 MB (70% of 4055 MB)
[2018.09.24-11.45.53:832][  0]LogD3D11RHI: Async texture creation enabled
[2018.09.24-11.45.53:850][  0]LogD3D11RHI: GPU Timing Frequency: 1000.000000 (Debug: 2 2)
[2018.09.24-11.45.53:851][  0]LogShaderCompilers: Guid format shader working directory is -2 characters bigger than the processId version (../../../../../../Development/p9examples/CaptFunctionalUnreal/Intermediate/Shaders/WorkingDirectory/5224/).
[2018.09.24-11.45.53:851][  0]LogShaderCompilers: Cleaned the shader compiler working directory 'C:/Users/Frederik Palmelund/AppData/Local/Temp/UnrealShaderWorkingDir/96992D324A0E289009FFE3A282079922/'.
[2018.09.24-11.45.54:154][  0]LogTemp: Display: Loaded TP AllDesktopTargetPlatform
[2018.09.24-11.45.54:183][  0]LogTemp: Display: Loaded TP MacClientTargetPlatform
[2018.09.24-11.45.54:204][  0]LogTemp: Display: Loaded TP MacNoEditorTargetPlatform
[2018.09.24-11.45.54:226][  0]LogTemp: Display: Loaded TP MacServerTargetPlatform
[2018.09.24-11.45.54:249][  0]LogTemp: Display: Loaded TP MacTargetPlatform
[2018.09.24-11.45.54:270][  0]LogTemp: Display: Loaded TP WindowsClientTargetPlatform
[2018.09.24-11.45.54:288][  0]LogTemp: Display: Loaded TP WindowsNoEditorTargetPlatform
[2018.09.24-11.45.54:310][  0]LogTemp: Display: Loaded TP WindowsServerTargetPlatform
[2018.09.24-11.45.54:322][  0]LogTemp: Display: Loaded TP WindowsTargetPlatform
[2018.09.24-11.45.54:438][  0]LogTemp: Display: Loaded TP AndroidTargetPlatform
[2018.09.24-11.45.54:438][  0]LogTemp: Display: Loaded TP AndroidTargetPlatform
[2018.09.24-11.45.54:438][  0]LogTemp: Display: Loaded TP AndroidTargetPlatform
[2018.09.24-11.45.54:438][  0]LogTemp: Display: Loaded TP AndroidTargetPlatform
[2018.09.24-11.45.54:438][  0]LogTemp: Display: Loaded TP AndroidTargetPlatform
[2018.09.24-11.45.54:439][  0]LogTemp: Display: Loaded TP AndroidTargetPlatform
[2018.09.24-11.45.54:439][  0]LogTemp: Display: Loaded TP AndroidTargetPlatform
[2018.09.24-11.45.54:439][  0]LogTemp: Display: Loaded TP AndroidTargetPlatform
[2018.09.24-11.45.54:439][  0]LogTemp: Display: Loaded TP AndroidTargetPlatform
[2018.09.24-11.45.54:439][  0]LogTemp: Display: Loaded TP AndroidTargetPlatform
[2018.09.24-11.45.54:439][  0]LogTemp: Display: Loaded TP AndroidTargetPlatform
[2018.09.24-11.45.54:439][  0]LogTemp: Display: Loaded TP AndroidTargetPlatform
[2018.09.24-11.45.54:439][  0]LogTemp: Display: Loaded TP AndroidTargetPlatform
[2018.09.24-11.45.54:439][  0]LogTemp: Display: Loaded TP AndroidTargetPlatform
[2018.09.24-11.45.54:439][  0]LogTemp: Display: Loaded TP AndroidTargetPlatform
[2018.09.24-11.45.54:439][  0]LogTemp: Display: Loaded TP AndroidTargetPlatform
[2018.09.24-11.45.54:439][  0]LogTemp: Display: Loaded TP AndroidTargetPlatform
[2018.09.24-11.45.54:439][  0]LogTemp: Display: Loaded TP AndroidTargetPlatform
[2018.09.24-11.45.54:443][  0]LogTemp: Display: Loaded TP HTML5TargetPlatform
[2018.09.24-11.45.54:524][  0]LogTemp: Display: Loaded TP IOSTargetPlatform
[2018.09.24-11.45.54:524][  0]LogTemp: Display: Loaded TP IOSTargetPlatform
[2018.09.24-11.45.54:555][  0]LogTemp: Display: Loaded TP TVOSTargetPlatform
[2018.09.24-11.45.54:555][  0]LogTemp: Display: Loaded TP TVOSTargetPlatform
[2018.09.24-11.45.54:575][  0]LogTemp: Display: Loaded TP LinuxClientTargetPlatform
[2018.09.24-11.45.54:595][  0]LogTemp: Display: Loaded TP LinuxNoEditorTargetPlatform
[2018.09.24-11.45.54:615][  0]LogTemp: Display: Loaded TP LinuxServerTargetPlatform
[2018.09.24-11.45.54:634][  0]LogTemp: Display: Loaded TP LinuxTargetPlatform
[2018.09.24-11.45.54:651][  0]LogTemp: Display: Loaded TP LuminTargetPlatform
[2018.09.24-11.45.54:652][  0]LogTargetPlatformManager: Display: Building Assets For Windows
[2018.09.24-11.45.54:792][  0]LogXGEController: Cannot use XGE Controller as Incredibuild is not installed on this machine.
[2018.09.24-11.45.54:792][  0]LogShaderCompilers: Cannot use XGE Shader Compiler as Incredibuild is not installed on this machine.
[2018.09.24-11.45.54:792][  0]LogShaderCompilers: Display: Using Local Shader Compiler.
[2018.09.24-11.45.55:626][  0]LogDerivedDataCache: Display: Max Cache Size: 512 MB
[2018.09.24-11.45.55:683][  0]LogDerivedDataCache: Loaded boot cache 0.06s 71MB C:/Users/Frederik Palmelund/AppData/Local/UnrealEngine/4.20/DerivedDataCache/Boot.ddc.
[2018.09.24-11.45.55:683][  0]LogDerivedDataCache: Display: Loaded Boot cache: C:/Users/Frederik Palmelund/AppData/Local/UnrealEngine/4.20/DerivedDataCache/Boot.ddc
[2018.09.24-11.45.55:684][  0]LogDerivedDataCache: FDerivedDataBackendGraph:  Pak pak cache file ../../../../../../Development/p9examples/CaptFunctionalUnreal/DerivedDataCache/DDC.ddp not found, will not use a pak cache.
[2018.09.24-11.45.55:684][  0]LogDerivedDataCache: Unable to find inner node Pak for hierarchical cache Hierarchy.
[2018.09.24-11.45.55:685][  0]LogDerivedDataCache: FDerivedDataBackendGraph:  CompressedPak pak cache file ../../../../../../Development/p9examples/CaptFunctionalUnreal/DerivedDataCache/Compressed.ddp not found, will not use a pak cache.
[2018.09.24-11.45.55:685][  0]LogDerivedDataCache: Unable to find inner node CompressedPak for hierarchical cache Hierarchy.
[2018.09.24-11.45.55:701][  0]LogDerivedDataCache: Display: Pak cache opened for reading ../../../Engine/DerivedDataCache/Compressed.ddp.
[2018.09.24-11.45.55:714][  0]LogDerivedDataCache: Using Local data cache path C:/Users/Frederik Palmelund/AppData/Local/UnrealEngine/Common/DerivedDataCache: Writable
[2018.09.24-11.45.55:714][  0]LogDerivedDataCache: Shared data cache path not found in *engine.ini, will not use an Shared cache.
[2018.09.24-11.45.55:714][  0]LogDerivedDataCache: Unable to find inner node Shared for hierarchical cache Hierarchy.
[2018.09.24-11.45.55:734][  0]LogMaterial: Verifying Global Shaders for PCD3D_SM5
[2018.09.24-11.45.55:735][  0]LogSlate: Using FreeType 2.6.0
[2018.09.24-11.45.55:736][  0]LogSlate: SlateFontServices - WITH_FREETYPE: 1, WITH_HARFBUZZ: 1
[2018.09.24-11.45.55:816][  0]LogAssetRegistry: FAssetRegistry took 0.0299 seconds to start up
[2018.09.24-11.45.56:182][  0]LogInit: Selected Device Profile: [Windows]
[2018.09.24-11.45.56:261][  0]LogSimplygon: Simplygon DLL not present - disabling.
[2018.09.24-11.45.56:272][  0]LogMeshReduction: Using SimplygonSwarm for distributed automatic mesh merging
[2018.09.24-11.45.56:272][  0]LogMeshReduction: Using ProxyLODMeshReduction for automatic mesh merging
[2018.09.24-11.45.56:272][  0]LogMeshReduction: Using QuadricMeshReduction for automatic static mesh reduction
[2018.09.24-11.45.56:272][  0]LogMeshReduction: No automatic skeletal mesh reduction module available
[2018.09.24-11.45.56:390][  0]LogNetVersion: CaptFunctionalUnreal 1.0.0, NetCL: 4212847, EngineNetVer: 5, GameNetVer: 0 (Checksum: 1158027450)
[2018.09.24-11.45.56:931][  0]LogPackageLocalizationCache: Processed 11 localized package path(s) for 2 prioritized culture(s) in 0.122660 seconds
[2018.09.24-11.45.56:937][  0]LogUObjectArray: 38425 objects as part of root set at end of initial load.
[2018.09.24-11.45.56:937][  0]LogUObjectAllocator: 6690864 out of 0 bytes used by permanent object pool.
[2018.09.24-11.45.56:937][  0]LogUObjectArray: CloseDisregardForGC: 0/0 objects in disregard for GC pool
[2018.09.24-11.45.57:612][  0]LogWmfMedia: Failed to load mf.dll
[2018.09.24-11.45.57:613][  0]LogWmfMedia: Failed to load required Windows Media Foundation libraries
[2018.09.24-11.45.57:616][  0]LogWindowsMoviePlayer: Could not load mf.dll. Library not found.
[2018.09.24-11.45.57:617][  0]LogWindowsMoviePlayer: Could not load mfplat.dll. Library not found.
[2018.09.24-11.45.57:619][  0]LogWindowsMoviePlayer: Could not load mfplay.dll. Library not found.
[2018.09.24-11.45.57:884][  0]LogTcpMessaging: Initializing TcpMessaging bridge
[2018.09.24-11.45.57:901][  0]LogUdpMessaging: Initializing bridge on interface 0.0.0.0:0 to multicast group 230.0.0.1:6666.
[2018.09.24-11.45.58:263][  0]SourceControl: Source control is disabled
[2018.09.24-11.45.58:263][  0]SourceControl: Source control is disabled
[2018.09.24-11.45.58:265][  0]SourceControl: Source control is disabled
[2018.09.24-11.45.58:267][  0]SourceControl: Source control is disabled
[2018.09.24-11.45.58:494][  0]LogAndroidPermission: UAndroidPermissionCallbackProxy::GetInstance
[2018.09.24-11.45.58:607][  0]LogOcInput: OculusInput pre-init called
[2018.09.24-11.45.58:673][  0]LogEngine: Initializing Engine...
[2018.09.24-11.45.58:674][  0]LogHMD: Failed to initialize OpenVR with code 110
[2018.09.24-11.45.58:676][  0]LogStats: UGameplayTagsManager::ConstructGameplayTagTree: ImportINI prefixes -  0.000 s
[2018.09.24-11.45.58:676][  0]LogStats: UGameplayTagsManager::ConstructGameplayTagTree: Construct from data asset -  0.000 s
[2018.09.24-11.45.58:676][  0]LogStats: UGameplayTagsManager::ConstructGameplayTagTree: ImportINI -  0.000 s
[2018.09.24-11.45.58:676][  0]LogStats: UGameplayTagsManager::ConstructGameplayTagTree: GameplayTagTreeChangedEvent.Broadcast -  0.000 s
[2018.09.24-11.45.58:899][  0]LogInit: Initializing FReadOnlyCVARCache
[2018.09.24-11.45.58:913][  0]LogAIModule: Creating AISystem for world Untitled
[2018.09.24-11.45.58:929][  0]LogInit: XAudio2 using 'Speaker/Headphone (Realtek High Definition Audio)' : 2 channels at 48 kHz using 32 bits per sample (channel mask 0x3)
[2018.09.24-11.45.58:950][  0]LogInit: FAudioDevice initialized.
[2018.09.24-11.45.58:951][  0]LogNetVersion: Set ProjectVersion to 1.0.0.0. Version Checksum will be recalculated on next use.
[2018.09.24-11.45.59:030][  0]LogDerivedDataCache: Saved boot cache 0.08s 71MB C:/Users/Frederik Palmelund/AppData/Local/UnrealEngine/4.20/DerivedDataCache/Boot.ddc.
[2018.09.24-11.45.59:037][  0]LogInit: Texture streaming: Enabled
[2018.09.24-11.45.59:060][  0]LogEngineSessionManager: EngineSessionManager initialized
[2018.09.24-11.45.59:070][  0]LogInit: Transaction tracking system initialized
[2018.09.24-11.45.59:101][  0]BlueprintLog: New page: Editor Load
[2018.09.24-11.45.59:209][  0]LocalizationService: Localization service is disabled
[2018.09.24-11.45.59:495][  0]LogCook: Display: Max memory allowance for cook 16384mb min free memory 0mb
[2018.09.24-11.45.59:495][  0]LogCook: Display: Mobile HDR setting 1
[2018.09.24-11.45.59:495][  0]LogGameplayTags: Display: UGameplayTagsManager::DoneAddingNativeTags. DelegateIsBound: 0
[2018.09.24-11.45.59:495][  0]LogStats: UGameplayTagsManager::ConstructGameplayTagTree: ImportINI prefixes -  0.000 s
[2018.09.24-11.45.59:496][  0]LogFileCache: Scanning file cache for directory 'C:/Development/p9examples/CaptFunctionalUnreal/Content/' took 0.01s
[2018.09.24-11.45.59:496][  0]LogStats: UGameplayTagsManager::ConstructGameplayTagTree: Construct from data asset -  0.000 s
[2018.09.24-11.45.59:496][  0]LogStats: UGameplayTagsManager::ConstructGameplayTagTree: ImportINI -  0.000 s
[2018.09.24-11.45.59:496][  0]LogStats: UGameplayTagsManager::ConstructGameplayTagTree: GameplayTagTreeChangedEvent.Broadcast -  0.000 s
[2018.09.24-11.45.59:658][  0]SourceControl: Source control is disabled
[2018.09.24-11.45.59:659][  0]Cmd: MAP LOAD FILE="../../../Engine/Content/Maps/Templates/Template_Default.umap" TEMPLATE=1 SHOWPROGRESS=1 FEATURELEVEL=3
[2018.09.24-11.45.59:659][  0]LightingResults: New page: Lighting Build
[2018.09.24-11.45.59:662][  0]MapCheck: New page: Map Check
[2018.09.24-11.45.59:662][  0]LightingResults: New page: Lighting Build
[2018.09.24-11.45.59:849][  0]LogAIModule: Creating AISystem for world Untitled_1
[2018.09.24-11.45.59:856][  0]LogEditorServer: Finished looking for orphan Actors (0.000 secs)
[2018.09.24-11.45.59:877][  0]Cmd: MAP CHECKDEP NOCLEARLOG
[2018.09.24-11.45.59:928][  0]MapCheck: Map check complete: 0 Error(s), 0 Warning(s), took 50.698ms to complete.
[2018.09.24-11.45.59:928][  0]LogFileHelpers: Loading map 'Template_Default' took 0.268
[2018.09.24-11.46.00:065][  0]LogSlate: Updating window title bar state: overlay mode, drag disabled, window buttons hidden, title bar hidden
[2018.09.24-11.46.00:074][  0]LogSlate: Updating window title bar state: overlay mode, drag disabled, window buttons hidden, title bar hidden
[2018.09.24-11.46.00:083][  0]LogSlate: Updating window title bar state: overlay mode, drag disabled, window buttons hidden, title bar hidden
[2018.09.24-11.46.00:090][  0]LogSlate: Updating window title bar state: overlay mode, drag disabled, window buttons hidden, title bar hidden
[2018.09.24-11.46.00:097][  0]LogCollectionManager: Loaded 0 collections in 0.001549 seconds
[2018.09.24-11.46.00:146][  0]LogFileCache: Scanning file cache for directory 'C:/Development/p9examples/CaptFunctionalUnreal/Saved/Collections/' took 0.01s
[2018.09.24-11.46.00:146][  0]LogFileCache: Scanning file cache for directory 'C:/Development/p9examples/CaptFunctionalUnreal/Content/Developers/FrederikPalmelund/Collections/' took 0.01s
[2018.09.24-11.46.00:146][  0]LogFileCache: Scanning file cache for directory 'C:/Development/p9examples/CaptFunctionalUnreal/Content/Collections/' took 0.01s
[2018.09.24-11.46.00:146][  0]LogCollectionManager: Rebuilt the GUID cache for 0 collections in 0.000000 seconds
[2018.09.24-11.46.00:158][  0]LogContentBrowser: Native class hierarchy populated in 0.0109 seconds. Added 2573 classes and 605 folders.
[2018.09.24-11.46.00:165][  0]LogContentBrowser: Native class hierarchy updated for 'WidgetCarousel' in 0.0003 seconds. Added 0 classes and 0 folders.
[2018.09.24-11.46.00:210][  0]LogContentBrowser: Native class hierarchy updated for 'AddContentDialog' in 0.0003 seconds. Added 0 classes and 0 folders.
[2018.09.24-11.46.00:217][  0]LogContentBrowser: Native class hierarchy updated for 'SceneOutliner' in 0.0004 seconds. Added 1 classes and 2 folders.
[2018.09.24-11.46.00:284][  0]LogSlate: Took 0.000454 seconds to synchronously load lazily loaded font '../../../Engine/Content/Slate/Fonts/Roboto-Regular.ttf' (155K)
[2018.09.24-11.46.00:293][  0]LogSlate: Took 0.000209 seconds to synchronously load lazily loaded font '../../../Engine/Content/Slate/Fonts/Roboto-Bold.ttf' (160K)
[2018.09.24-11.46.00:299][  0]LogSlate: Took 0.000218 seconds to synchronously load lazily loaded font '../../../Engine/Content/Editor/Slate/Fonts/FontAwesome.ttf' (139K)
[2018.09.24-11.46.00:382][  0]LogRenderer: Reallocating scene render targets to support 1208x576 Format 10 NumSamples 1 (Frame:1).
[2018.09.24-11.46.00:602][  0]LogContentBrowser: Native class hierarchy updated for 'HierarchicalLODOutliner' in 0.0003 seconds. Added 0 classes and 0 folders.
[2018.09.24-11.46.00:603][  0]LogLoad: (Engine Initialization) Total time: 9.71 seconds
[2018.09.24-11.46.00:603][  0]LogLoad: (Engine Initialization) Total Blueprint compile time: 0.00 seconds
[2018.09.24-11.46.00:622][  0]LogWindowsTextInputMethodSystem: Display: IME system now deactivated.
[2018.09.24-11.46.00:644][  0]LogContentStreaming: Texture pool size now 1000 MB
[2018.09.24-11.46.00:653][  0]LogSlate: Took 0.000181 seconds to synchronously load lazily loaded font '../../../Engine/Content/Slate/Fonts/Roboto-Light.ttf' (167K)
[2018.09.24-11.46.00:667][  1]LogAssetRegistry: Asset discovery search completed in 4.8755 seconds
[2018.09.24-11.46.00:669][  1]LogCollectionManager: Rebuilt the object cache for 0 collections in 0.000000 seconds (found 0 objects)
[2018.09.24-11.46.00:669][  1]LogCollectionManager: Fixed up redirectors for 0 collections in 0.000138 seconds (updated 0 objects)
[2018.09.24-11.46.05:413][224]LogSlate: FSceneViewport::OnFocusLost() reason 0
[2018.09.24-11.46.08:374][355]LogSlate: Took 0.000196 seconds to synchronously load lazily loaded font '../../../Engine/Content/Slate/Fonts/Roboto-Light.ttf' (167K)
[2018.09.24-11.46.08:425][355]LogAIModule: Creating AISystem for world Level1
[2018.09.24-11.46.08:434][355]LogAssetEditorManager: Opening Asset editor for World /Game/Worlds/Level1.Level1
[2018.09.24-11.46.08:455][355]Cmd: MAP LOAD FILE="../../../../../../Development/p9examples/CaptFunctionalUnreal/Content/Worlds/Level1.umap" TEMPLATE=0 SHOWPROGRESS=1 FEATURELEVEL=3
[2018.09.24-11.46.08:455][355]LightingResults: New page: Lighting Build
[2018.09.24-11.46.08:456][355]LoadErrors: New page: Loading map: Level1.umap
[2018.09.24-11.46.08:457][355]MapCheck: New page: Map Check
[2018.09.24-11.46.08:457][355]LightingResults: New page: Lighting Build
[2018.09.24-11.46.08:535][355]LogEditorServer: Finished looking for orphan Actors (0.000 secs)
[2018.09.24-11.46.08:576][355]Cmd: MAP CHECKDEP NOCLEARLOG
[2018.09.24-11.46.08:643][355]MapCheck: Map check complete: 0 Error(s), 0 Warning(s), took 67.476ms to complete.
[2018.09.24-11.46.08:645][355]LogFileHelpers: Loading map 'Level1' took 0.190
[2018.09.24-11.46.10:075][417]LogTemp: Repeating last play command: Selected Viewport
[2018.09.24-11.46.10:091][417]LogPlayLevel: PlayLevel: No blueprints needed recompiling
[2018.09.24-11.46.10:106][417]PIE: New page: PIE session: Level1 (Sep 24, 2018, 3:46:10 PM)
[2018.09.24-11.46.10:106][417]LogPlayLevel: Creating play world package: /Game/Worlds/UEDPIE_0_Level1
[2018.09.24-11.46.10:109][417]LogPlayLevel: PIE: StaticDuplicateObject took: (0.002876s)
[2018.09.24-11.46.10:110][417]LogAIModule: Creating AISystem for world Level1
[2018.09.24-11.46.10:110][417]LogPlayLevel: PIE: World Init took: (0.000906s)
[2018.09.24-11.46.10:110][417]LogPlayLevel: PIE: Created PIE world by copying editor world from /Game/Worlds/Level1.Level1 to /Game/Worlds/UEDPIE_0_Level1.Level1 (0.004219s)
[2018.09.24-11.46.10:133][417]LogInit: XAudio2 using 'Speaker/Headphone (Realtek High Definition Audio)' : 2 channels at 48 kHz using 32 bits per sample (channel mask 0x3)
[2018.09.24-11.46.10:146][417]LogInit: FAudioDevice initialized.
[2018.09.24-11.46.10:196][417]LogLoad: Game class is 'GameModeBase'
[2018.09.24-11.46.10:197][417]LogWorld: Bringing World /Game/Worlds/UEDPIE_0_Level1.Level1 up for play (max tick rate 60) at 2018.09.24-13.46.10
[2018.09.24-11.46.10:198][417]LogWorld: Bringing up level for play took: 0.000735
[2018.09.24-11.46.10:215][417]LogContentBrowser: Native class hierarchy updated for 'MovieSceneCapture' in 0.0003 seconds. Added 10 classes and 0 folders.
[2018.09.24-11.46.10:216][417]PIE: Play in editor start time for /Game/Worlds/UEDPIE_0_Level1 0.158
